<?xml version="1.0" encoding="UTF-8"?>
<testsuite xmlns:xsi="http://www.w3.org/2001/XMLSchema-instance" xsi:noNamespaceSchemaLocation="https://maven.apache.org/surefire/maven-surefire-plugin/xsd/surefire-test-report.xsd" name="JCSTest.JCSTest.ParameterizedJCSUniTest" time="0.137" tests="1" errors="0" skipped="0" failures="0">
  <properties>
    <property name="sun.desktop" value="windows"/>
    <property name="awt.toolkit" value="sun.awt.windows.WToolkit"/>
    <property name="java.specification.version" value="11"/>
    <property name="sun.cpu.isalist" value="amd64"/>
    <property name="sun.jnu.encoding" value="Cp1252"/>
    <property name="java.class.path" value="C:\Users\dayli\eclipse-workspace\JCSTest\target\test-classes;C:\Users\dayli\eclipse-workspace\JCSTest\target\classes;C:\Users\dayli\.m2\repository\junit\junit\4.12\junit-4.12.jar;C:\Users\dayli\.m2\repository\org\hamcrest\hamcrest-core\1.3\hamcrest-core-1.3.jar;C:\Users\dayli\.m2\repository\org\apache\jcs\jcs\1.3\jcs-1.3.jar;C:\Users\dayli\.m2\repository\commons-logging\commons-logging\1.1\commons-logging-1.1.jar;C:\Users\dayli\.m2\repository\log4j\log4j\1.2.12\log4j-1.2.12.jar;C:\Users\dayli\.m2\repository\logkit\logkit\1.0.1\logkit-1.0.1.jar;C:\Users\dayli\.m2\repository\avalon-framework\avalon-framework\4.1.3\avalon-framework-4.1.3.jar;C:\Users\dayli\.m2\repository\javax\servlet\servlet-api\2.3\servlet-api-2.3.jar;C:\Users\dayli\.m2\repository\concurrent\concurrent\1.0\concurrent-1.0.jar;"/>
    <property name="java.vm.vendor" value="Oracle Corporation"/>
    <property name="sun.arch.data.model" value="64"/>
    <property name="user.variant" value=""/>
    <property name="java.vendor.url" value="https://openjdk.java.net/"/>
    <property name="user.timezone" value="Europe/Berlin"/>
    <property name="java.vm.specification.version" value="11"/>
    <property name="os.name" value="Windows 10"/>
    <property name="sun.java.launcher" value="SUN_STANDARD"/>
    <property name="user.country" value="IT"/>
    <property name="sun.boot.library.path" value="C:\Program Files\Java\jdk-11.0.9\bin"/>
    <property name="sun.java.command" value="C:\Users\dayli\AppData\Local\Temp\surefire15674699547199879479\surefirebooter6386077785989655178.jar C:\Users\dayli\AppData\Local\Temp\surefire15674699547199879479 2021-05-04T17-19-08_596-jvmRun1 surefire16282427568700782497tmp surefire_04649935732256302242tmp"/>
    <property name="jdk.debug" value="release"/>
    <property name="surefire.test.class.path" value="C:\Users\dayli\eclipse-workspace\JCSTest\target\test-classes;C:\Users\dayli\eclipse-workspace\JCSTest\target\classes;C:\Users\dayli\.m2\repository\junit\junit\4.12\junit-4.12.jar;C:\Users\dayli\.m2\repository\org\hamcrest\hamcrest-core\1.3\hamcrest-core-1.3.jar;C:\Users\dayli\.m2\repository\org\apache\jcs\jcs\1.3\jcs-1.3.jar;C:\Users\dayli\.m2\repository\commons-logging\commons-logging\1.1\commons-logging-1.1.jar;C:\Users\dayli\.m2\repository\log4j\log4j\1.2.12\log4j-1.2.12.jar;C:\Users\dayli\.m2\repository\logkit\logkit\1.0.1\logkit-1.0.1.jar;C:\Users\dayli\.m2\repository\avalon-framework\avalon-framework\4.1.3\avalon-framework-4.1.3.jar;C:\Users\dayli\.m2\repository\javax\servlet\servlet-api\2.3\servlet-api-2.3.jar;C:\Users\dayli\.m2\repository\concurrent\concurrent\1.0\concurrent-1.0.jar;"/>
    <property name="sun.cpu.endian" value="little"/>
    <property name="user.home" value="C:\Users\dayli"/>
    <property name="user.language" value="it"/>
    <property name="java.specification.vendor" value="Oracle Corporation"/>
    <property name="java.version.date" value="2020-10-20"/>
    <property name="java.home" value="C:\Program Files\Java\jdk-11.0.9"/>
    <property name="file.separator" value="\"/>
    <property name="basedir" value="C:\Users\dayli\eclipse-workspace\JCSTest"/>
    <property name="java.vm.compressedOopsMode" value="32-bit"/>
    <property name="line.separator" value="&#10;"/>
    <property name="java.specification.name" value="Java Platform API Specification"/>
    <property name="java.vm.specification.vendor" value="Oracle Corporation"/>
    <property name="java.awt.graphicsenv" value="sun.awt.Win32GraphicsEnvironment"/>
    <property name="surefire.real.class.path" value="C:\Users\dayli\AppData\Local\Temp\surefire15674699547199879479\surefirebooter6386077785989655178.jar"/>
    <property name="user.script" value=""/>
    <property name="sun.management.compiler" value="HotSpot 64-Bit Tiered Compilers"/>
    <property name="java.runtime.version" value="11.0.9+7-LTS"/>
    <property name="user.name" value="dayli"/>
    <property name="path.separator" value=";"/>
    <property name="os.version" value="10.0"/>
    <property name="java.runtime.name" value="Java(TM) SE Runtime Environment"/>
    <property name="file.encoding" value="Cp1252"/>
    <property name="java.vm.name" value="Java HotSpot(TM) 64-Bit Server VM"/>
    <property name="java.vendor.version" value="18.9"/>
    <property name="localRepository" value="C:\Users\dayli\.m2\repository"/>
    <property name="java.vendor.url.bug" value="https://bugreport.java.com/bugreport/"/>
    <property name="java.io.tmpdir" value="C:\Users\dayli\AppData\Local\Temp\"/>
    <property name="java.version" value="11.0.9"/>
    <property name="user.dir" value="C:\Users\dayli\eclipse-workspace\JCSTest"/>
    <property name="os.arch" value="amd64"/>
    <property name="java.vm.specification.name" value="Java Virtual Machine Specification"/>
    <property name="java.awt.printerjob" value="sun.awt.windows.WPrinterJob"/>
    <property name="sun.os.patch.level" value=""/>
    <property name="java.library.path" value="C:\Program Files\Java\jdk-11.0.9\bin;C:\Windows\Sun\Java\bin;C:\Windows\system32;C:\Windows;C:/Users/dayli/.p2/pool/plugins/org.eclipse.justj.openjdk.hotspot.jre.full.win32.x86_64_15.0.1.v20201027-0507/jre/bin/server;C:/Users/dayli/.p2/pool/plugins/org.eclipse.justj.openjdk.hotspot.jre.full.win32.x86_64_15.0.1.v20201027-0507/jre/bin;C:\Program Files\Common Files\Oracle\Java\javapath;C:\Windows\system32;C:\Windows;C:\Windows\System32\Wbem;C:\Windows\System32\WindowsPowerShell\v1.0\;C:\Windows\System32\OpenSSH\;C:\Program Files\TortoiseSVN\bin;C:\Program Files (x86)\QuickTime\QTSystem\;C:\Program Files\Git\cmd;C:\Program Files\apache-maven-3.6.3\bin;C:\Program Files\Java\jdk-11.0.9\bin;C:\Program Files\MySQL\MySQL Shell 8.0\bin\;C:\Users\dayli\AppData\Local\Microsoft\WindowsApps;C:\Users\dayli\AppData\Local\Programs\Microsoft VS Code\bin;C:\Program Files\sonar-scanner-4.4.0.2170-windows\bin;C:\Program Files\Git\bin;C:\Users\dayli\AppData\Local\atom\bin;C:\Windows\system32;;."/>
    <property name="java.vendor" value="Oracle Corporation"/>
    <property name="java.vm.info" value="mixed mode"/>
    <property name="java.vm.version" value="11.0.9+7-LTS"/>
    <property name="sun.io.unicode.encoding" value="UnicodeLittle"/>
    <property name="java.class.version" value="55.0"/>
  </properties>
  <testcase name="testJCS[0]" classname="JCSTest.JCSTest.ParameterizedJCSUniTest" time="0.108"/>
</testsuite>